<?xml version="1.0" encoding="utf-8"?><testsuites name="pytest tests"><testsuite name="pytest" errors="0" failures="0" skipped="0" tests="17" time="25.624" timestamp="2026-01-09T06:31:09.239713+00:00" hostname="agent-env-0538d6a9-01e1-453a-b604-0bee4af82e44"><testcase classname="tests.test_backend_api.TestHealthAndBasicEndpoints" name="test_frontend_loads" time="0.072" /><testcase classname="tests.test_backend_api.TestHealthAndBasicEndpoints" name="test_module_stats_endpoint" time="0.034" /><testcase classname="tests.test_backend_api.TestHealthAndBasicEndpoints" name="test_success_stories_endpoint" time="0.037" /><testcase classname="tests.test_backend_api.TestHealthAndBasicEndpoints" name="test_champions_dashboard_endpoint" time="0.035" /><testcase classname="tests.test_backend_api.TestQuizSubmission" name="test_quiz_submit_success" time="0.039" /><testcase classname="tests.test_backend_api.TestQuizSubmission" name="test_quiz_submit_missing_fields" time="0.039" /><testcase classname="tests.test_backend_api.TestQuizResultsAdmin" name="test_quiz_results_view_with_correct_password" time="0.038" /><testcase classname="tests.test_backend_api.TestQuizResultsAdmin" name="test_quiz_results_view_with_wrong_password" time="0.035" /><testcase classname="tests.test_backend_api.TestQuizResultsAdmin" name="test_quiz_results_download_with_correct_password" time="0.040" /><testcase classname="tests.test_backend_api.TestSuccessStories" name="test_create_success_story" time="0.034" /><testcase classname="tests.test_backend_api.TestSuccessStories" name="test_get_success_stories" time="0.035" /><testcase classname="tests.test_backend_api.TestCertificateEndpoints" name="test_certificate_check_test_bypass_email" time="0.035" /><testcase classname="tests.test_backend_api.TestCertificateEndpoints" name="test_certificate_check_ineligible_user" time="0.033" /><testcase classname="tests.test_backend_api.TestCertificateEndpoints" name="test_certificate_generate_test_bypass" time="0.234" /><testcase classname="tests.test_backend_api.TestModuleAssistant" name="test_module_assistant_response" time="12.661" /><testcase classname="tests.test_backend_api.TestModuleAssistant" name="test_module_assistant_with_conversation_id" time="12.002" /><testcase classname="tests.test_backend_api.TestStoryLikes" name="test_like_story_without_quiz_completion" time="0.090" /></testsuite></testsuites>